up 8 hours, 34 minutes from 2025-01-31 14:14:48 till 2025-01-31 22:49:21...  Shutting Down
up 13 hours, 18 minutes from 2025-02-01 09:52:37 till 2025-02-01 23:10:41...  Shutting Down
up 7 hours, 2 minutes from 2025-02-02 10:40:08 till 2025-02-02 17:42:43...  Rebooting
up 5 hours, 32 minutes from 2025-02-02 17:43:00 till 2025-02-02 23:15:49...  Shutting Down
up 11 hours, 43 minutes from 2025-02-03 10:28:43 till 2025-02-03 22:12:26...  Shutting Down
up 13 hours, 10 minutes from 2025-02-04 09:29:19 till 2025-02-04 22:39:48...  Shutting Down
up 10 hours, 59 minutes from 2025-02-05 12:11:24 till 2025-02-05 23:11:23...  Shutting Down
up 20 hours, 48 minutes from 2025-02-06 10:35:48 till 2025-02-07 07:23:49...  Rebooting
up 13 hours, 1 minute from 2025-02-07 07:24:05 till 2025-02-07 20:25:17...  Shutting Down
up 9 hours, 17 minutes from 2025-02-08 10:53:54 till 2025-02-08 20:11:53...  Shutting Down
up 13 hours, 32 minutes from 2025-02-09 09:19:43 till 2025-02-09 22:51:53...  Shutting Down
up 10 hours, 25 minutes from 2025-02-11 09:43:26 till 2025-02-11 20:09:10...  Shutting Down
up 15 hours, 42 minutes from 2025-02-12 09:28:04 till 2025-02-13 01:10:41...  Shutting Down
up 12 hours, 12 minutes from 2025-02-13 10:05:13 till 2025-02-13 22:17:21...  Shutting Down
up 11 hours, 54 minutes from 2025-02-14 10:10:34 till 2025-02-14 22:04:49...  Shutting Down
up 3 hours, 2 minutes from 2025-02-15 10:11:32 till 2025-02-15 13:14:10...  Shutting Down
up 4 hours, 23 minutes from 2025-02-15 18:28:09 till 2025-02-15 22:51:59...  Shutting Down
up 12 hours, 16 minutes from 2025-02-16 10:08:22 till 2025-02-16 22:24:47...  Shutting Down
up 10 hours, 14 minutes from 2025-02-17 10:01:52 till 2025-02-17 20:16:04...  Shutting Down
up 12 hours, 43 minutes from 2025-02-18 09:57:21 till 2025-02-18 22:41:18...  Rebooting
up 12 hours, 44 minutes from 2025-02-18 09:57:21 till 2025-02-18 22:41:22...  Shutting Down
up 11 hours, 25 minutes from 2025-02-19 11:32:42 till 2025-02-19 22:58:41...  Shutting Down
up 12 hours, 12 minutes from 2025-02-20 10:26:43 till 2025-02-20 22:38:47...  Shutting Down
up 9 hours, 52 minutes from 2025-02-21 11:13:38 till 2025-02-21 21:06:03...  Shutting Down
up 6 hours, 3 minutes from 2025-02-22 11:57:09 till 2025-02-22 18:00:40...  Rebooting
up 2 hours, 59 minutes from 2025-02-22 18:00:55 till 2025-02-22 21:00:06...  Shutting Down
up 10 hours, 40 minutes from 2025-02-23 10:18:36 till 2025-02-23 20:58:58...  Shutting Down
up 13 hours, 21 minutes from 2025-02-24 09:25:45 till 2025-02-24 22:47:19...  Shutting Down
up 14 hours, 26 minutes from 2025-02-25 08:57:53 till 2025-02-25 23:24:49...  Rebooting
up 14 hours, 26 minutes from 2025-02-25 08:57:53 till 2025-02-25 23:24:52...  Shutting Down
up 12 hours, 33 minutes from 2025-02-26 10:10:14 till 2025-02-26 22:43:32...  Shutting Down
up 12 hours, 29 minutes from 2025-02-27 10:03:05 till 2025-02-27 22:32:09...  Shutting Down
up 11 hours, 1 minute from 2025-03-01 10:04:28 till 2025-03-01 21:05:58...  Shutting Down
up 1 hour, 2 minutes from 2025-03-02 07:23:14 till 2025-03-02 08:25:21...  Shutting Down
up 11 hours, 7 minutes from 2025-03-02 10:07:08 till 2025-03-02 21:14:12...  Rebooting
up 11 hours, 7 minutes from 2025-03-02 10:07:08 till 2025-03-02 21:14:15...  Shutting Down
up 11 hours, 58 minutes from 2025-03-03 10:43:33 till 2025-03-03 22:42:27...  Shutting Down
up 11 hours, 7 minutes from 2025-03-04 10:32:07 till 2025-03-04 21:39:08...  Shutting Down
up 12 hours, 16 minutes from 2025-03-05 10:31:56 till 2025-03-05 22:48:18...  Shutting Down
up 10 hours, 5 minutes from 2025-03-06 09:20:26 till 2025-03-06 19:25:34...  Rebooting
up 2 hours, 50 minutes from 2025-03-06 19:26:21 till 2025-03-06 22:17:06...  Shutting Down
up 2 hours, 50 minutes from 2025-03-06 19:26:21 till 2025-03-06 22:17:13...  Shutting Down
up 7 hours, 4 minutes from 2025-03-07 12:22:36 till 2025-03-07 19:26:44...  Shutting Down
up 2 hours, 11 minutes from 2025-03-07 20:54:56 till 2025-03-07 23:06:33...  Shutting Down
up 3 hours, 2 minutes from 2025-03-08 10:21:15 till 2025-03-08 13:24:00...  Rebooting
up 2 hours, 25 minutes from 2025-03-08 18:29:45 till 2025-03-08 20:54:58...  Shutting Down
up 8 hours, 14 minutes from 2025-03-09 12:11:52 till 2025-03-09 20:26:51...  Shutting Down
up 11 minutes from 2025-03-11 22:41:26 till 2025-03-11 22:53:17...  Shutting Down
up 22 minutes from 2025-03-14 13:50:48 till 2025-03-14 14:13:00...  Rebooting
up 8 minutes from 2025-03-14 16:32:41 till 2025-03-14 16:40:47...  Shutting Down
up 1 hour, 46 minutes from 2025-03-14 20:41:15 till 2025-03-14 22:28:15...  Shutting Down
up 1 hour, 47 minutes from 2025-03-14 20:41:15 till 2025-03-14 22:28:21...  Shutting Down
up 31 minutes from 2025-03-15 10:44:42 till 2025-03-15 11:16:15...  Shutting Down
up 11 minutes from 2025-03-15 15:21:26 till 2025-03-15 15:32:30...  Shutting Down
up 2 hours, 1 minute from 2025-03-16 20:34:48 till 2025-03-16 22:36:15...  Shutting Down
up 13 hours, 30 minutes from 2025-03-17 09:27:51 till 2025-03-17 22:58:46...  Shutting Down
up 12 hours, 57 minutes from 2025-03-18 09:22:32 till 2025-03-18 22:19:43...  Shutting Down
up 12 hours, 48 minutes from 2025-03-19 09:41:19 till 2025-03-19 22:30:13...  Shutting Down
up 1 hour, 18 minutes from 2025-03-20 21:01:12 till 2025-03-20 22:19:16...  Shutting Down
up 11 hours, 52 minutes from 2025-03-21 09:19:45 till 2025-03-21 21:12:06...  Shutting Down
up 12 minutes from 2025-03-23 12:06:53 till 2025-03-23 12:19:35...  Rebooting
up 15 minutes from 2025-03-23 12:06:53 till 2025-03-23 12:22:12...  Rebooting
up 1 hour, 47 minutes from 2025-03-23 12:22:37 till 2025-03-23 14:09:39...  Shutting Down
up 4 hours, 50 minutes from 2025-03-24 11:33:37 till 2025-03-24 16:24:03...  Shutting Down
up 2 hours, 33 minutes from 2025-03-25 21:32:50 till 2025-03-26 00:06:44...  Rebooting
up 11 hours, 36 minutes from 2025-03-26 00:07:08 till 2025-03-26 11:43:15...  Shutting Down
up 10 hours, 29 minutes from 2025-03-27 09:11:45 till 2025-03-27 19:40:53...  Shutting Down
up 43 minutes from 2025-03-28 21:38:33 till 2025-03-28 22:21:42...  Shutting Down
up 12 hours, 20 minutes from 2025-03-29 10:58:37 till 2025-03-29 23:19:20...  Shutting Down
up 8 hours, 32 minutes from 2025-03-30 15:30:21 till 2025-03-31 00:03:13...  Shutting Down
up 11 hours, 19 minutes from 2025-03-31 11:00:14 till 2025-03-31 22:19:14...  Rebooting
up 12 hours, 50 minutes from 2025-04-01 10:25:53 till 2025-04-01 23:16:14...  Shutting Down
up 14 hours, 6 minutes from 2025-04-02 09:07:17 till 2025-04-02 23:13:18...  Rebooting
up 12 hours, 54 minutes from 2025-04-03 10:19:12 till 2025-04-03 23:14:05...  Shutting Down
up 53 minutes from 2025-04-04 22:42:17 till 2025-04-04 23:35:24...  Shutting Down
up 10 hours, 55 minutes from 2025-04-05 11:49:47 till 2025-04-05 22:45:39...  Shutting Down
up 11 hours, 43 minutes from 2025-04-06 10:06:50 till 2025-04-06 21:50:11...  Shutting Down
up 6 minutes from 2025-04-07 12:37:40 till 2025-04-07 12:44:07...  Shutting Down
up 6 hours, 54 minutes from 2025-04-07 15:18:21 till 2025-04-07 22:13:06...  Shutting Down
up 13 hours, 16 minutes from 2025-04-08 08:44:04 till 2025-04-08 22:00:36...  Shutting Down
up 5 hours, 15 minutes from 2025-04-10 17:22:54 till 2025-04-10 22:38:08...  Shutting Down
up 10 hours, 35 minutes from 2025-04-11 10:13:29 till 2025-04-11 20:49:28...  Shutting Down
up 45 minutes from 2025-04-11 22:28:03 till 2025-04-11 23:13:49...  Shutting Down
up 12 hours, 37 minutes from 2025-04-12 10:43:56 till 2025-04-12 23:21:23...  Shutting Down
up 13 hours, 2 minutes from 2025-04-13 10:24:43 till 2025-04-13 23:27:39...  Shutting Down
up 13 hours, 50 minutes from 2025-04-14 10:06:40 till 2025-04-14 23:57:33...  Shutting Down
up 1 hour, 55 minutes from 2025-04-15 10:01:20 till 2025-04-15 11:56:20...  Rebooting
up 13 hours, 23 minutes from 2025-04-15 12:09:43 till 2025-04-16 01:33:07...  Shutting Down
up 1 hour, 53 minutes from 2025-04-16 09:31:56 till 2025-04-16 11:24:56...  Rebooting
up 11 hours, 52 minutes from 2025-04-16 11:25:20 till 2025-04-16 23:18:05...  Rebooting
up 11 hours, 52 minutes from 2025-04-16 11:25:20 till 2025-04-16 23:18:08...  Shutting Down
up 13 hours, 38 minutes from 2025-04-17 09:30:12 till 2025-04-17 23:09:10...  Shutting Down
up 17 hours, 7 minutes from 2025-04-18 09:02:55 till 2025-04-19 02:10:37...  Shutting Down
up 7 hours, 51 minutes from 2025-04-19 16:59:58 till 2025-04-20 00:51:07...  Shutting Down
up 14 hours, 30 minutes from 2025-04-20 10:32:17 till 2025-04-21 01:02:25...  Shutting Down
up 17 hours, 3 minutes from 2025-04-21 08:03:42 till 2025-04-22 01:07:00...  Shutting Down
up 13 hours, 32 minutes from 2025-04-22 10:55:03 till 2025-04-23 00:27:36...  Shutting Down
up 13 hours, 8 minutes from 2025-04-23 10:06:18 till 2025-04-23 23:14:54...  Shutting Down
up 14 hours, 35 minutes from 2025-04-24 10:08:24 till 2025-04-25 00:43:45...  Shutting Down
up 15 hours, 51 minutes from 2025-04-25 09:54:54 till 2025-04-26 01:46:48...  Shutting Down
up 13 hours, 52 minutes from 2025-04-26 11:12:51 till 2025-04-27 01:05:07...  Shutting Down
up 9 hours, 56 minutes from 2025-04-27 14:21:24 till 2025-04-28 00:18:02...  Shutting Down
up 11 hours, 59 minutes from 2025-04-28 12:08:16 till 2025-04-29 00:07:43...  Shutting Down
up 15 hours, 37 minutes from 2025-04-29 10:42:24 till 2025-04-30 02:20:10...  Shutting Down
up 14 hours, 35 minutes from 2025-04-30 09:12:52 till 2025-04-30 23:48:38...  Shutting Down
up 7 hours, 3 minutes from 2025-05-03 15:01:38 till 2025-05-03 22:05:19...  Shutting Down
up 3 hours, 24 minutes from 2025-05-04 20:23:57 till 2025-05-04 23:48:52...  Shutting Down
up 55 minutes from 2025-05-05 09:54:13 till 2025-05-05 10:50:11...  Rebooting
up 5 hours, 16 minutes from 2025-05-05 12:06:33 till 2025-05-05 17:23:13...  Rebooting
up 0 minute from 2025-05-05 18:11:06 till 2025-05-05 18:11:45...  Rebooting
up 31 minutes from 2025-05-05 21:44:25 till 2025-05-05 22:16:20...  Rebooting
up 2 hours, 8 minutes from 2025-05-05 22:16:33 till 2025-05-06 00:25:05...  Shutting Down
up 8 hours, 24 minutes from 2025-05-06 10:06:54 till 2025-05-06 18:31:22...  Rebooting
up 39 minutes from 2025-05-06 18:42:48 till 2025-05-06 19:21:51...  Shutting Down
up 10 hours, 25 minutes from 2025-05-07 13:56:45 till 2025-05-08 00:22:40...  Shutting Down
up 3 hours, 32 minutes from 2025-05-11 11:34:49 till 2025-05-11 15:07:47...  Rebooting
up 7 hours, 57 minutes from 2025-05-11 15:12:35 till 2025-05-11 23:09:42...  Shutting Down
up 11 hours, 37 minutes from 2025-05-12 12:23:14 till 2025-05-13 00:00:24...  Shutting Down
up 12 hours, 53 minutes from 2025-05-13 10:58:29 till 2025-05-13 23:52:14...  Shutting Down
up 12 hours, 55 minutes from 2025-05-15 09:33:54 till 2025-05-15 22:29:40...  Shutting Down
up 13 hours, 2 minutes from 2025-05-16 11:04:31 till 2025-05-17 00:07:01...  Shutting Down
up 10 hours, 35 minutes from 2025-05-17 12:16:16 till 2025-05-17 22:51:20...  Shutting Down
up 11 hours, 13 minutes from 2025-05-18 11:29:15 till 2025-05-18 22:42:56...  Shutting Down
up 12 hours, 23 minutes from 2025-05-19 10:37:20 till 2025-05-19 23:01:17...  Shutting Down
up 3 hours, 10 minutes from 2025-05-21 10:15:24 till 2025-05-21 13:26:13...  Rebooting
up 8 hours, 57 minutes from 2025-05-21 13:26:59 till 2025-05-21 22:24:50...  Shutting Down
up 11 hours, 8 minutes from 2025-05-22 13:57:09 till 2025-05-23 01:05:26...  Shutting Down
up 12 hours, 51 minutes from 2025-05-23 09:55:12 till 2025-05-23 22:46:47...  Shutting Down
up 32 minutes from 2025-06-08 22:39:40 till 2025-06-08 23:12:09...  Shutting Down
up 11 hours, 53 minutes from 2025-06-09 10:42:28 till 2025-06-09 22:36:20...  Shutting Down
up 12 hours, 38 minutes from 2025-06-10 10:15:14 till 2025-06-10 22:54:04...  Shutting Down
up 12 hours, 37 minutes from 2025-06-11 09:17:47 till 2025-06-11 21:55:45...  Shutting Down
up 12 hours, 39 minutes from 2025-06-11 09:17:47 till 2025-06-11 21:56:59...  Shutting Down
up 7 hours, 0 minute from 2025-06-12 14:16:57 till 2025-06-12 21:17:13...  Rebooting
up 1 day, 7 minutes from 2025-06-12 21:17:32 till 2025-06-13 21:25:18...  Shutting Down
up 9 hours, 1 minute from 2025-06-17 13:58:59 till 2025-06-17 22:59:59...  Shutting Down
up 13 hours, 4 minutes from 2025-06-24 09:35:36 till 2025-06-24 22:40:08...  Shutting Down
up 11 hours, 29 minutes from 2025-06-25 10:24:20 till 2025-06-25 21:53:21...  Shutting Down
up 11 hours, 35 minutes from 2025-06-26 10:36:49 till 2025-06-26 22:11:51...  Shutting Down
up 1 hour, 10 minutes from 2025-06-27 10:59:51 till 2025-06-27 12:09:55...  Shutting Down
up 1 hour, 58 minutes from 2025-06-28 19:44:51 till 2025-06-28 21:43:46...  Shutting Down
up 3 hours, 28 minutes from 2025-07-02 09:50:25 till 2025-07-02 13:18:30...  Rebooting
up 7 hours, 44 minutes from 2025-07-02 13:38:19 till 2025-07-02 21:23:07...  Shutting Down
up 5 hours, 56 minutes from 2025-07-04 11:46:59 till 2025-07-04 17:43:11...  Rebooting
up 3 hours, 51 minutes from 2025-07-04 18:09:57 till 2025-07-04 22:01:55...  Rebooting
up 2 hours, 4 minutes from 2025-07-05 09:33:04 till 2025-07-05 11:37:49...  Rebooting
up 41 minutes from 2025-07-07 22:27:25 till 2025-07-07 23:09:11...  Shutting Down
up 12 hours, 44 minutes from 2025-07-08 09:59:14 till 2025-07-08 22:43:46...  Shutting Down
up 11 hours, 51 minutes from 2025-07-09 09:08:53 till 2025-07-09 21:00:26...  Shutting Down
up 12 hours, 2 minutes from 2025-07-10 09:18:38 till 2025-07-10 21:21:27...  Shutting Down
up 11 hours, 27 minutes from 2025-07-11 12:30:03 till 2025-07-11 23:57:11...  Shutting Down
up 10 hours, 28 minutes from 2025-07-12 15:10:50 till 2025-07-13 01:38:52...  Shutting Down
up 2 hours, 50 minutes from 2025-07-14 19:53:39 till 2025-07-14 22:43:58...  Shutting Down
up 2 hours, 50 minutes from 2025-07-14 19:53:39 till 2025-07-14 22:44:29...  Shutting Down
up 2 hours, 50 minutes from 2025-07-14 19:53:39 till 2025-07-14 22:44:32...  Shutting Down
up 2 hours, 57 minutes from 2025-07-15 19:10:28 till 2025-07-15 22:08:20...  Shutting Down
up 10 hours, 11 minutes from 2025-08-02 10:12:07 till 2025-08-02 20:23:10...  Shutting Down
up 1 hour, 28 minutes from 2025-08-05 22:44:50 till 2025-08-06 00:13:30...  Shutting Down
up 1 hour, 45 minutes from 2025-08-06 09:36:22 till 2025-08-06 11:22:18...  Rebooting
up 13 hours, 17 minutes from 2025-08-06 11:22:39 till 2025-08-07 00:39:58...  Shutting Down
up 12 hours, 45 minutes from 2025-08-07 10:48:45 till 2025-08-07 23:34:27...  Shutting Down
up 9 hours, 56 minutes from 2025-08-08 10:35:22 till 2025-08-08 20:31:48...  Shutting Down
up 1 day, 4 hours, 47 minutes from 2025-08-13 11:20:02 till 2025-08-14 16:07:47...  Shutting Down
up 7 hours, 12 minutes from 2025-08-16 09:58:34 till 2025-08-16 17:10:40...  Rebooting
up 3 hours, 8 minutes from 2025-08-16 17:10:58 till 2025-08-16 20:19:54...  Shutting Down
up 11 hours, 44 minutes from 2025-08-17 09:23:20 till 2025-08-17 21:07:55...  Shutting Down
up 1 hour, 6 minutes from 2025-12-31 20:29:41 till 2025-12-31 21:36:09...  Shutting Down
up 0 minute from 2026-01-01 14:05:15 till 2026-01-01 14:06:04...  Rebooting
up 1 minute from 2026-01-01 14:06:15 till 2026-01-01 14:07:17...  Rebooting
up 5 minutes from 2026-01-01 14:07:58 till 2026-01-01 14:13:57...  Rebooting
up 8 minutes from 2026-01-01 23:31:42 till 2026-01-01 23:40:29...  Shutting Down
