PC started at 2024-05-03 14:06:38, now shutting down at 2024-05-03 22:31:00 with an uptime of 8 hrs 24 min 

PC started at 2024-05-04 10:11:29, now rebooting at 2024-05-04 16:04:02 with an uptime of 5 hrs 52 min 

PC started at 2024-05-04 16:05:45, now shutting down at 2024-05-04 22:01:57 with an uptime of 5 hrs 56 min 

PC started at 2024-05-04 22:05:56, now shutting down at 2024-05-04 22:17:22 with an uptime of 11 min 

PC started at 2024-05-05 10:47:23, now shutting down at 2024-05-05 12:07:09 with an uptime of 1 hrs 19 min 

PC started at 2024-05-06 09:37:20, now shutting down at 2024-05-06 20:03:33 with an uptime of 10 hrs 26 min 

PC started at 2024-05-07 10:15:09, now rebooting at 2024-05-07 11:10:17 with an uptime of 55 min 

PC started at 2024-05-07 11:12:06, now shutting down at 2024-05-07 20:05:02 with an uptime of 8 hrs 52 min 

PC started at 2024-05-08 10:50:02, now rebooting at 2024-05-08 12:14:16 with an uptime of 1 hrs 24 min 

PC started at 2024-05-08 12:16:12, now shutting down at 2024-05-08 22:23:28 with an uptime of 10 hrs 07 min 

PC started at 2024-05-10 10:37:06, now shutting down at 2024-05-10 21:42:01 with an uptime of 11 hrs 04 min 

PC started at 2024-05-11 22:17:50, now shutting down at 2024-05-11 22:50:51 with an uptime of 33 min 

PC started at 2024-05-12 10:47:56, now shutting down at 2024-05-12 22:05:29 with an uptime of 11 hrs 17 min 

PC started at 2024-05-13 09:51:08, now rebooting at 2024-05-13 17:53:54 with an uptime of 8 hrs 02 min 

PC started at 2024-05-13 17:55:37, now shutting down at 2024-05-13 22:16:17 with an uptime of 4 hrs 20 min 

PC started at 2024-05-15 15:22:26, now shutting down at 2024-05-15 21:27:24 with an uptime of 6 hrs 04 min 

PC started at 2024-05-16 11:58:13, now shutting down at 2024-05-16 21:52:20 with an uptime of 9 hrs 54 min 

PC started at 2024-05-17 08:43:33, now rebooting at 2024-05-17 20:52:15 with an uptime of 12 hrs 08 min 

PC started at 2024-05-19 16:17:36, now shutting down at 2024-05-19 21:49:09 with an uptime of 5 hrs 31 min 

PC started at 2024-05-20 10:21:35, now shutting down at 2024-05-20 22:28:52 with an uptime of 12 hrs 07 min 

PC started at 2024-05-21 12:52:40, now shutting down at 2024-05-21 22:22:47 with an uptime of 9 hrs 30 min 

PC started at 2024-05-22 10:01:19, now shutting down at 2024-05-22 22:25:58 with an uptime of 12 hrs 24 min 

PC started at 2024-05-23 09:11:05, now shutting down at 2024-05-23 20:22:18 with an uptime of 11 hrs 11 min 

PC started at 2024-05-24 14:08:37, now shutting down at 2024-05-24 22:23:00 with an uptime of 8 hrs 14 min 

PC started at 2024-05-25 11:11:36, now shutting down at 2024-05-25 14:48:10 with an uptime of 3 hrs 36 min 

PC started at 2024-05-26 13:29:13, now shutting down at 2024-05-26 13:39:20 with an uptime of 10 min 

PC started at 2024-05-28 12:22:47, now shutting down at 2024-05-28 13:16:53 with an uptime of 54 min 

PC started at 2024-05-28 17:35:47, now shutting down at 2024-05-28 21:48:42 with an uptime of 4 hrs 12 min 

PC started at 2024-06-02 18:12:50, now rebooting at 2024-06-02 21:13:05 with an uptime of 3 hrs 00 min 

PC started at 2024-06-02 21:14:46, now shutting down at 2024-06-02 22:18:05 with an uptime of 1 hrs 03 min 

PC started at 2024-06-04 10:41:45, now shutting down at 2024-06-04 19:29:48 with an uptime of 8 hrs 48 min 

PC started at 2024-06-05 10:35:59, now shutting down at 2024-06-05 19:29:47 with an uptime of 8 hrs 53 min 

PC started at 2024-06-06 10:47:11, now shutting down at 2024-06-06 19:49:09 with an uptime of 9 hrs 01 min 

PC started at 2024-06-07 10:42:18, now shutting down at 2024-06-07 18:16:17 with an uptime of 7 hrs 33 min 

PC started at 2024-06-08 10:16:50, now shutting down at 2024-06-08 19:20:32 with an uptime of 9 hrs 03 min 

PC started at 2024-06-09 06:27:08, now shutting down at 2024-06-09 20:05:30 with an uptime of 13 hrs 38 min 

PC started at 2024-06-10 10:13:30, now shutting down at 2024-06-10 19:24:28 with an uptime of 9 hrs 10 min 

PC started at 2024-06-11 10:47:54, now shutting down at 2024-06-11 19:15:20 with an uptime of 8 hrs 27 min 

PC started at 2024-06-11 22:28:07, now shutting down at 2024-06-12 08:31:31 with an uptime of 10 hrs 03 min 

PC started at 2024-06-12 19:14:15, now shutting down at 2024-06-12 19:34:52 with an uptime of 20 min 

PC started at 2024-06-13 16:08:18, now shutting down at 2024-06-13 18:07:55 with an uptime of 1 hrs 59 min 

PC started at 2024-06-13 18:43:57, now shutting down at 2024-06-13 19:28:54 with an uptime of 44 min 

PC started at 2024-06-13 22:05:27, now shutting down at 2024-06-13 23:40:11 with an uptime of 1 hrs 34 min 

PC started at 2024-06-16 09:44:45, now rebooting at 2024-06-16 14:20:03 with an uptime of 4 hrs 35 min 

PC started at 2024-06-16 19:10:08, now rebooting at 2024-06-16 21:14:39 with an uptime of 2 hrs 04 min 

PC started at 2024-06-17 11:00:52, now rebooting at 2024-06-17 18:12:07 with an uptime of 7 hrs 11 min 

PC started at 2024-06-18 11:08:04, now shutting down at 2024-06-18 17:46:37 with an uptime of 6 hrs 38 min 

PC started at 2024-06-19 14:40:07, now shutting down at 2024-06-19 17:36:24 with an uptime of 2 hrs 56 min 

PC started at 2024-06-20 13:45:03, now shutting down at 2024-06-20 18:37:05 with an uptime of 4 hrs 52 min 

PC started at 2024-06-21 11:40:22, now shutting down at 2024-06-21 18:03:18 with an uptime of 6 hrs 22 min 

PC started at 2024-06-22 10:38:12, now shutting down at 2024-06-22 18:12:32 with an uptime of 7 hrs 34 min 

PC started at 2024-06-23 13:04:04, now shutting down at 2024-06-23 18:04:09 with an uptime of 5 hrs 00 min 

PC started at 2024-06-23 18:47:52, now shutting down at 2024-06-23 20:19:13 with an uptime of 1 hrs 31 min 

PC started at 2024-06-27 13:19:01, now shutting down at 2024-06-27 18:28:28 with an uptime of 5 hrs 09 min 

PC started at 2024-06-28 11:21:28, now rebooting at 2024-06-28 12:29:31 with an uptime of 1 hrs 08 min 

PC started at 2024-06-30 19:10:10, now shutting down at 2024-06-30 19:15:11 with an uptime of 5 min 

PC started at 2024-07-01 10:47:40, now shutting down at 2024-07-01 18:18:06 with an uptime of 7 hrs 30 min 

PC started at 2024-07-02 10:43:29, now shutting down at 2024-07-02 16:07:21 with an uptime of 5 hrs 23 min 

PC started at 2024-07-02 20:59:05, now shutting down at 2024-07-03 00:05:51 with an uptime of 3 hrs 06 min 

PC started at 2024-07-03 11:22:45, now shutting down at 2024-07-03 23:12:05 with an uptime of 11 hrs 49 min 

PC started at 2024-07-04 11:05:40, now shutting down at 2024-07-04 18:42:12 with an uptime of 7 hrs 36 min 

PC started at 2024-07-04 19:16:52, now shutting down at 2024-07-05 10:24:33 with an uptime of 15 hrs 07 min 

PC started at 2024-07-05 11:27:15, now shutting down at 2024-07-05 18:01:33 with an uptime of 6 hrs 34 min 

PC started at 2024-07-08 11:20:51, now shutting down at 2024-07-08 19:05:08 with an uptime of 7 hrs 44 min 

PC started at 2024-07-09 10:57:05, now shutting down at 2024-07-09 16:30:42 with an uptime of 5 hrs 33 min 

PC started at 2024-07-10 11:16:32, now shutting down at 2024-07-10 18:42:38 with an uptime of 7 hrs 26 min 

PC started at 2024-07-10 19:08:28, now rebooting at 2024-07-10 20:58:50 with an uptime of 1 hrs 50 min 

PC started at 2024-07-12 11:56:34, now shutting down at 2024-07-12 14:18:10 with an uptime of 2 hrs 21 min 

PC started at 2024-07-12 15:07:12, now shutting down at 2024-07-12 15:33:49 with an uptime of 26 min 

PC started at 2024-07-14 18:27:49, now shutting down at 2024-07-15 10:23:17 with an uptime of 15 hrs 55 min 

PC started at 2024-07-15 10:58:36, now shutting down at 2024-07-15 19:21:57 with an uptime of 8 hrs 23 min 

PC started at 2024-07-16 10:49:30, now shutting down at 2024-07-16 17:52:33 with an uptime of 7 hrs 03 min 

PC started at 2024-07-16 19:59:28, now shutting down at 2024-07-16 21:36:16 with an uptime of 1 hrs 36 min 

PC started at 2024-07-17 14:27:28, now shutting down at 2024-07-17 19:10:04 with an uptime of 4 hrs 42 min 

PC started at 2024-07-30 22:07:19, now shutting down at 2024-07-30 22:09:46 with an uptime of 2 min 

PC started at 2024-07-31 11:06:09, now shutting down at 2024-07-31 18:51:50 with an uptime of 7 hrs 45 min 

PC started at 2024-08-02 12:31:56, now shutting down at 2024-08-02 18:37:08 with an uptime of 6 hrs 05 min 

PC started at 2024-08-03 14:03:56, now shutting down at 2024-08-03 20:56:07 with an uptime of 6 hrs 52 min 

PC started at 2024-08-04 09:50:15, now shutting down at 2024-08-04 16:51:12 with an uptime of 7 hrs 00 min 

PC started at 2024-08-04 19:29:05, now shutting down at 2024-08-04 23:50:59 with an uptime of 4 hrs 21 min 

PC started at 2024-08-05 11:08:21, now shutting down at 2024-08-05 18:09:06 with an uptime of 7 hrs 00 min 

PC started at 2024-08-06 11:12:36, now shutting down at 2024-08-06 18:45:37 with an uptime of 7 hrs 33 min 

PC started at 2024-08-07 10:28:26, now shutting down at 2024-08-07 11:30:01 with an uptime of 1 hrs 01 min 

PC started at 2024-08-07 11:30:53, now shutting down at 2024-08-07 16:36:06 with an uptime of 5 hrs 05 min 

PC started at 2024-08-12 08:57:36, now shutting down at 2024-08-12 10:56:25 with an uptime of 1 hrs 58 min 

PC started at 2024-08-12 15:07:45, now rebooting at 2024-08-12 16:02:42 with an uptime of 54 min 

PC started at 2024-08-12 16:04:29, now shutting down at 2024-08-12 18:51:26 with an uptime of 2 hrs 46 min 

PC started at 2024-10-04 12:27:22, now shutting down at 2024-10-04 16:27:48 with an uptime of 4 hrs 00 min 

PC started at 2024-10-04 21:25:02, now shutting down at 2024-10-05 01:11:54 with an uptime of 3 hrs 46 min 

PC started at 2024-10-05 10:46:59, now shutting down at 2024-10-05 11:38:49 with an uptime of 51 min 

PC started at 2024-10-05 17:01:41, now shutting down at 2024-10-05 18:11:29 with an uptime of 1 hrs 09 min 

PC started at 2024-10-05 18:13:31, now shutting down at 2024-10-05 18:19:16 with an uptime of 5 min 

PC started at 2024-10-05 20:50:42, now shutting down at 2024-10-05 22:55:43 with an uptime of 2 hrs 05 min 

PC started at 2024-10-07 09:51:26, now rebooting at 2024-10-07 09:55:49 with an uptime of 4 min 

PC started at 2024-10-07 09:56:51, now rebooting at 2024-10-07 15:10:21 with an uptime of 5 hrs 13 min 

PC started at 2024-10-07 15:18:58, now rebooting at 2024-10-07 16:38:41 with an uptime of 1 hrs 19 min 

PC started at 2024-10-07 17:55:30, now rebooting at 2024-10-07 18:22:14 with an uptime of 26 min 

PC started at 2024-10-07 18:24:35, now rebooting at 2024-10-07 19:56:19 with an uptime of 1 hrs 31 min 

PC started at 2024-10-07 20:08:42, now shutting down at 2024-10-07 22:06:10 with an uptime of 1 hrs 57 min 

PC started at 2024-10-10 09:57:40, now shutting down at 2024-10-10 18:24:37 with an uptime of 8 hrs 26 min 

PC started at 2024-10-16 14:09:53, now rebooting at 2024-10-16 16:43:07 with an uptime of 2 hrs 33 min 

PC started at 2024-10-17 11:47:02, now rebooting at 2024-10-17 12:19:56 with an uptime of 32 min 

PC started at 2024-10-23 10:37:38, now rebooting at 2024-10-23 10:42:00 with an uptime of 4 min 

PC started at 2024-10-29 11:14:12, now shutting down at 2024-10-30 00:54:33 with an uptime of 13 hrs 40 min 

PC started at 2024-11-18 11:42:40, now rebooting at 2024-11-18 16:09:08 with an uptime of 4 hrs 26 min 

PC started at 2024-11-20 13:39:58, now rebooting at 2024-11-20 15:04:56 with an uptime of 1 hrs 24 min 

PC started at 2024-11-30 13:02:01, now rebooting at 2024-11-30 13:04:55 with an uptime of 2 min 2 hrs 52 /usr/bin/ssh min 

PC started at 2024-11-30 13:06:18, now shutting down at 2024-11-30 16:43:09 with an uptime of 3 hrs 36 2 3 min 

PC started at 2024-12-01 13:54:17, now shutting down at 2024-12-01 16:15:43 with an uptime of 2 hrs 21 2 2 min 

PC started at 2024-12-02 11:08:35, now shutting down at 2024-12-02 17:34:29 with an uptime of 6 hrs 25 2 6 min 

PC started at 2024-12-03 11:48:23, now shutting down at 2024-12-03 18:21:44 with an uptime of 6 hrs 33 2 6 min 

PC started at 2024-12-04 10:51:06, now shutting down at 2024-12-04 19:00:48 with an uptime of 8 hrs 09 9 8 min 

PC started at 2024-12-05 11:34:56, now shutting down at 2024-12-05 18:13:17 with an uptime of 6 hrs 38 5 6 min 

PC started at 2024-12-06 10:43:04, now shutting down at 2024-12-06 18:53:11 with an uptime of 8 hrs 10 3 8 min 

PC started at 2024-12-07 12:25:05, now rebooting at 2024-12-07 12:28:40 with an uptime of 3 min 3 hrs 33 sh min 

PC started at 2024-12-09 14:54:05, now rebooting at 2024-12-09 17:01:34 with an uptime of 2 hrs 07 2 46 min 

PC started at 2024-12-09 17:25:12, now shutting down at 2024-12-09 17:37:19 with an uptime of 12 min 12 hrs 05 sh min 

PC started at 2024-12-10 12:56:02, now rebooting at 2024-12-10 14:13:32 with an uptime of 1 hrs 17 2 ? sh min 

PC started at 2024-12-10 14:15:20, now shutting down at 2024-12-10 17:40:22 with an uptime of 3 hrs 25 2 3 min 

PC started at 2024-12-11 14:25:19, now shutting down at 2024-12-11 16:55:17 with an uptime of 2 hrs 29 2 2 min 

PC started at 2024-12-12 11:59:20, now rebooting at 2024-12-12 15:23:44 with an uptime of 3 hrs 24 2 ? sh min 

PC started at 2024-12-12 15:24:07, now rebooting at 2024-12-12 16:05:11 with an uptime of 41 min 41 hrs 02 sh min 

PC started at 2024-12-12 16:05:25, now shutting down at 2024-12-12 16:21:40 with an uptime of 16 min 16 hrs 13 sh min 

PC started at 2024-12-12 16:35:26, now shutting down at 2024-12-12 18:48:49 with an uptime of 2 hrs 13 2 2 min 

PC started at 2024-12-13 20:41:39, now shutting down at 2024-12-13 22:38:22 with an uptime of 1 hrs 56 2 1 min 

PC started at 2024-12-14 15:28:18, now shutting down at 2024-12-14 15:57:33 with an uptime of 29 min 29 hrs 13 sh min 

PC started at 2024-12-15 18:18:52, now rebooting at 2024-12-15 20:36:26 with an uptime of 2 hrs 17 2 2 min 

PC started at 2024-12-16 10:58:30, now shutting down at 2024-12-16 14:54:06 with an uptime of 3 hrs 55 2 3 min 

PC started at 2024-12-17 13:25:59, now shutting down at 2024-12-17 18:23:46 with an uptime of 4 hrs 57 2 4 min 

PC started at 2024-12-17 20:04:08, now shutting down at 2024-12-17 23:56:07 with an uptime of 3 hrs 51 2 3 min 

PC started at 2024-12-18 12:41:52, now shutting down at 2024-12-18 18:26:26 with an uptime of 5 hrs 44 2 5 min 

PC started at 2024-12-18 20:28:13, now rebooting at 2024-12-18 20:29:20 with an uptime of 1 min 1 hrs 05 sh min 

PC started at 2024-12-19 10:24:17, now shutting down at 2024-12-19 10:44:42 with an uptime of 20 min 20 hrs 22 sh min 

PC started at 2024-12-19 11:27:26, now shutting down at 2024-12-19 17:02:47 with an uptime of 5 hrs 35 2 5 min 

PC started at 2024-12-20 11:09:54, now rebooting at 2024-12-20 20:41:46 with an uptime of 9 hrs 31 2 9 min 

PC started at 2024-12-21 12:12:03, now shutting down at 2024-12-21 18:58:06 with an uptime of 6 hrs 46 2 1 min 

PC started at 2024-12-22 14:35:17, now shutting down at 2024-12-22 17:52:18 with an uptime of 3 hrs 17 min 

PC started at 2024-12-23 12:46:39, now shutting down at 2024-12-23 16:50:07 with an uptime of 4 hrs 03 2 ? sh min 

PC started at 2024-12-24 14:22:05, now rebooting at 2024-12-24 16:06:43 with an uptime of 1 hrs 44 1 5 min 

PC started at 2024-12-24 16:16:12, now rebooting at 2024-12-24 16:26:48 with an uptime of 10 min 10 hrs 34 sh min 

PC started at 2024-12-26 14:47:47, now rebooting at 2024-12-26 17:49:41 with an uptime of 3 hrs 01 1 16 min 

PC started at 2024-12-26 17:49:53, now shutting down at 2024-12-26 18:32:10 with an uptime of 42 min 42 hrs 15 sh min 

PC started at 2024-12-27 11:12:22, now rebooting at 2024-12-27 15:07:12 with an uptime of 3 hrs 54 1 3 min 

PC started at 2024-12-27 15:07:25, now rebooting at 2024-12-27 17:02:27 with an uptime of 1 hrs 55 min 

PC started at 2024-12-27 17:02:48, now shutting down at 2024-12-27 18:28:03 with an uptime of 1 hrs 25 1 1 min 

PC started at 2024-12-27 23:29:25, now rebooting at 2024-12-28 00:06:32 with an uptime of 37 min 37 hrs 05 sh min 

PC started at 2024-12-28 13:53:50, now shutting down at 2024-12-28 17:43:03 with an uptime of 3 hrs 49 1 3 min 

PC started at 2024-12-29 13:53:07, now shutting down at 2024-12-29 22:11:30 with an uptime of 8 hrs 18 1 8 min 

PC started at 2024-12-30 12:27:16, now shutting down at 2024-12-30 17:11:24 with an uptime of 4 hrs 44 1 4 min 

PC started at 2024-12-31 11:03:00, now shutting down at 2024-12-31 16:12:59 with an uptime of 5 hrs 09 1 5 min 

PC started at 2025-01-02 13:00:32, now rebooting at 2025-01-02 17:19:46 with an uptime of 4 hrs 19 1 3 min 

PC started at 2025-01-03 10:56:02, now shutting down at 2025-01-03 18:00:49 with an uptime of 7 hrs 04 1 7 min 

PC started at 2025-01-06 12:56:58, now shutting down at 2025-01-06 18:16:38 with an uptime of 5 hrs 19 1 5 min 

PC started at 2025-01-06 18:47:46, now rebooting at 2025-01-06 19:16:14 with an uptime of 28 min 

PC started at 2025-01-07 11:13:46, now rebooting at 2025-01-07 15:12:52 with an uptime of 3 hrs 59 1 46.00s sh min 

PC started at 2025-01-07 15:13:12, now shutting down at 2025-01-07 22:35:36 with an uptime of 7 hrs 22 1 7 min 

PC started at 2025-01-08 13:40:53, now shutting down at 2025-01-08 18:46:28 with an uptime of 5 hrs 05 2 5 min 

PC started at 2025-01-08 19:54:47, now rebooting at 2025-01-08 22:01:02 with an uptime of 2 hrs 06 min 

PC started at 2025-01-08 22:07:17, now shutting down at 2025-01-08 23:36:05 with an uptime of 1 hrs 28 1 1 min 

PC started at 2025-01-09 11:51:31, now shutting down at 2025-01-09 23:51:38 with an uptime of 12 hrs 00 2 11 min 

PC started at 2025-01-10 12:18:23, now rebooting at 2025-01-10 17:36:54 with an uptime of 5 hrs 18 1 5 min 

PC started at 2025-01-10 17:43:29, now shutting down at 2025-01-10 18:27:00 with an uptime of 43 min 

PC started at 2025-01-10 20:01:50, now rebooting at 2025-01-10 20:09:07 with an uptime of 7 min 7 hrs 15 sh min 

PC started at 2025-01-10 22:32:21, now shutting down at 2025-01-10 23:15:45 with an uptime of 43 min 43 hrs 21 sh min 

PC started at 2025-01-11 09:40:44, now rebooting at 2025-01-11 13:37:45 with an uptime of 3 hrs 57 1 3 min 

PC started at 2025-01-11 13:38:17, now rebooting at 2025-01-11 15:38:48 with an uptime of 2 hrs 00 min 
PC started at 2025-01-16 15:41:56, now rebooting at 2025-01-16 17:21:06 with an uptime of 1 hrs 39 min 

PC started at 2025-01-30 10:14:21, now rebooting at 2025-01-30 10:15:39 with an uptime of 1 min 

PC started at 2025-01-31 11:09:35, now rebooting at 2025-01-31 14:14:36 with an uptime of 3 hrs 05 min 

